Arguments: 
  C:\Program Files\nodejs\node.exe C:\Program Files (x86)\Yarn\bin\yarn.js i

PATH: 
  C:\ProgramData\Oracle\Java\javapath;C:\Python27\;C:\Python27\Scripts;C:\Program Files (x86)\NVIDIA Corporation\PhysX\Common;C:\Windows\system32;C:\Windows;C:\Windows\System32\Wbem;C:\Windows\System32\WindowsPowerShell\v1.0\;C:\Program Files (x86)\Skype\Phone\;C:\ProgramData\chocolatey\bin;C:\Program Files\Java\jdk1.8.0_152\bin;C:\Program Files (x86)\Windows Kits\8.1\Windows Performance Toolkit\;C:\Program Files\Intel\WiFi\bin\;C:\Program Files\Common Files\Intel\WirelessCommon\;C:\Program Files\nodejs\;C:\Program Files\Git\cmd;C:\Program Files (x86)\Yarn\bin\;C:\Users\hauug\AppData\Local\Microsoft\WindowsApps;C:\Program Files\Microsoft VS Code\bin;C:\Users\hauug\AppData\Local\Android\Sdk\platform-tools;C:\Users\hauug\AppData\Local\Android\Sdk\tools;C:\Program Files (x86)\Nmap;C:\xampp\php;C:\Users\hauug\AppData\Roaming\npm;C:\Program Files\Heroku\bin;C:\Users\hauug\AppData\Local\Yarn\bin

Yarn version: 
  1.5.1

Node version: 
  9.5.0

Platform: 
  win32 x64

npm manifest: 
  {
    "name": "discord-chat-relay",
    "version": "1.0.0",
    "description": "Relay chat between Tera & Discord",
    "main": "index.js",
    "directories": {
      "lib": "lib"
    },
    "scripts": {
      "test": "echo \"Error: no test specified\" && exit 1",
      "deploy": "node manifestGenerator.js && git commit -am \"Updated manifest\" && git push"
    },
    "repository": {
      "type": "git",
      "url": "git+https://github.com/Hauuguu/discord-chat-relay.git"
    },
    "keywords": [],
    "author": "",
    "license": "ISC",
    "bugs": {
      "url": "https://github.com/Hauuguu/discord-chat-relay/issues"
    },
    "homepage": "https://github.com/Hauuguu/discord-chat-relay#readme",
    "dependencies": {
      "discord.js": "^11.3.2",
      "underscore": "^1.8.3"
    },
    "devDependencies": {
      "eslint": "^4.19.1",
      "eslint-config-airbnb-base": "^12.1.0",
      "eslint-plugin-import": "^2.11.0"
    }
  }

yarn manifest: 
  No manifest

Lockfile: 
  No lockfile

Trace: 
  Error: Command "i" not found.
      at new MessageError (C:\Program Files (x86)\Yarn\lib\cli.js:186:110)
      at C:\Program Files (x86)\Yarn\lib\cli.js:87307:17
      at Generator.next (<anonymous>)
      at step (C:\Program Files (x86)\Yarn\lib\cli.js:98:30)
      at C:\Program Files (x86)\Yarn\lib\cli.js:116:14
      at new Promise (<anonymous>)
      at new F (C:\Program Files (x86)\Yarn\lib\cli.js:23451:28)
      at C:\Program Files (x86)\Yarn\lib\cli.js:95:12
      at runCommand (C:\Program Files (x86)\Yarn\lib\cli.js:87312:22)
      at Object.<anonymous> (C:\Program Files (x86)\Yarn\lib\cli.js:87412:14)
